<?xml version="1.0" encoding="UTF-8"?>
<!-- Generated by org.testng.reporters.JUnitReportReporter -->
<testsuite hostname="LAPTOP-JAL21INA" failures="0" tests="3" name="Test.TestExamplesPractice" time="2.881" errors="0" timestamp="2022-12-15T21:31:32 IST" skipped="0">
  <testcase classname="Test.TestExamplesPractice" name="GetSingleUser" time="2.516"/>
  <system-out/>
  <testcase classname="Test.TestExamplesPractice" name="SingleUserNotFound" time="0.151"/>
  <system-out/>
  <testcase classname="Test.TestExamplesPractice" name="ListUsers" time="0.214"/>
  <system-out/>
</testsuite> <!-- Test.TestExamplesPractice -->
