<?xml version="1.0" encoding="UTF-8"?>
<!-- Generated by org.testng.reporters.JUnitReportReporter -->
<testsuite hostname="LAPTOP-JAL21INA" failures="0" tests="2" name="Test.TestExamples" time="3.295" errors="0" timestamp="2022-12-16T16:59:59 IST" skipped="0">
  <testcase classname="Test.TestExamples" name="getmethod" time="0.319"/>
  <system-out/>
  <testcase classname="Test.TestExamples" name="GetMethod2" time="2.976"/>
  <system-out/>
</testsuite> <!-- Test.TestExamples -->
