<?xml version="1.0" encoding="UTF-8"?>
<!-- Generated by org.testng.reporters.JUnitReportReporter -->
<testsuite hostname="LAPTOP-JAL21INA" failures="0" tests="3" name="Test.TestPutAndPatchDelete" time="4.997" errors="0" timestamp="2022-12-16T14:55:00 IST" skipped="0">
  <testcase classname="Test.TestPutAndPatchDelete" name="TestDelete" time="3.544"/>
  <system-out/>
  <testcase classname="Test.TestPutAndPatchDelete" name="TestPatch" time="0.636"/>
  <system-out/>
  <testcase classname="Test.TestPutAndPatchDelete" name="TestPUtData" time="0.817"/>
  <system-out/>
</testsuite> <!-- Test.TestPutAndPatchDelete -->
